<?xml version="1.0" encoding="UTF-8"?>
<!-- Generated by org.testng.reporters.JUnitReportReporter -->
<testsuite hostname="LAPTOP-UNTV3BVM" failures="0" tests="1" name="amz.com.AmzC1" time="20.954" errors="0" timestamp="2022-09-01T18:15:19 IST" skipped="0">
  <testcase classname="amz.com.AmzC1" name="TC_1" time="20.954"/>
  <system-out/>
</testsuite> <!-- amz.com.AmzC1 -->
